<?xml version="1.0" encoding="UTF-8"?>
<!-- Generated by org.testng.reporters.JUnitReportReporter -->
<testsuite skipped="0" hostname="CBG-LT-122M1" name="com.cb.test.simpletest" tests="1" failures="0" timestamp="11 Nov 2017 23:02:31 GMT" time="0.018" errors="0">
  <testcase name="mytest" time="0.018" classname="com.cb.test.simpletest"/>
</testsuite> <!-- com.cb.test.simpletest -->
